# JRE version: Java(TM) SE Runtime Environment (8.0_101-b13) (build 1.8.0_101-b13)
# Java VM: Java HotSpot(TM) 64-Bit Server VM (25.101-b13 mixed mode windows-amd64 compressed oops)
Heap:
 PSYoungGen      total 71680K, used 18682K [0x00000000d5b80000, 0x00000000da680000, 0x0000000100000000)
  eden space 66560K, 20% used [0x00000000d5b80000,0x00000000d68c01e0,0x00000000d9c80000)
  from space 5120K, 99% used [0x00000000da180000,0x00000000da67e9d0,0x00000000da680000)
  to   space 5120K, 0% used [0x00000000d9c80000,0x00000000d9c80000,0x00000000da180000)
 ParOldGen       total 64000K, used 11237K [0x0000000081200000, 0x0000000085080000, 0x00000000d5b80000)
  object space 64000K, 17% used [0x0000000081200000,0x0000000081cf9498,0x0000000085080000)
 Metaspace       used 26475K, capacity 26842K, committed 27008K, reserved 1073152K
  class space    used 3323K, capacity 3404K, committed 3456K, reserved 1048576K
GC Heap History (10 events):
Event: 1.815 GC heap before
{Heap before GC invocations=3 (full 0):
 PSYoungGen      total 38400K, used 38389K [0x00000000d5b80000, 0x00000000d8600000, 0x0000000100000000)
  eden space 33280K, 100% used [0x00000000d5b80000,0x00000000d7c00000,0x00000000d7c00000)
  from space 5120K, 99% used [0x00000000d8100000,0x00000000d85fd590,0x00000000d8600000)
  to   space 5120K, 0% used [0x00000000d7c00000,0x00000000d7c00000,0x00000000d8100000)
 ParOldGen       total 87552K, used 2562K [0x0000000081200000, 0x0000000086780000, 0x00000000d5b80000)
  object space 87552K, 2% used [0x0000000081200000,0x0000000081480af0,0x0000000086780000)
 Metaspace       used 17336K, capacity 17554K, committed 17792K, reserved 1064960K
  class space    used 2117K, capacity 2159K, committed 2176K, reserved 1048576K
Event: 1.822 GC heap after
Heap after GC invocations=3 (full 0):
 PSYoungGen      total 38400K, used 5098K [0x00000000d5b80000, 0x00000000da680000, 0x0000000100000000)
  eden space 33280K, 0% used [0x00000000d5b80000,0x00000000d5b80000,0x00000000d7c00000)
  from space 5120K, 99% used [0x00000000d7c00000,0x00000000d80faa90,0x00000000d8100000)
  to   space 5120K, 0% used [0x00000000da180000,0x00000000da180000,0x00000000da680000)
 ParOldGen       total 87552K, used 8260K [0x0000000081200000, 0x0000000086780000, 0x00000000d5b80000)
  object space 87552K, 9% used [0x0000000081200000,0x0000000081a111c8,0x0000000086780000)
 Metaspace       used 17336K, capacity 17554K, committed 17792K, reserved 1064960K
  class space    used 2117K, capacity 2159K, committed 2176K, reserved 1048576K
}
Event: 2.204 GC heap before
{Heap before GC invocations=4 (full 0):
 PSYoungGen      total 38400K, used 31243K [0x00000000d5b80000, 0x00000000da680000, 0x0000000100000000)
  eden space 33280K, 78% used [0x00000000d5b80000,0x00000000d75084c8,0x00000000d7c00000)
  from space 5120K, 99% used [0x00000000d7c00000,0x00000000d80faa90,0x00000000d8100000)
  to   space 5120K, 0% used [0x00000000da180000,0x00000000da180000,0x00000000da680000)
 ParOldGen       total 87552K, used 8260K [0x0000000081200000, 0x0000000086780000, 0x00000000d5b80000)
  object space 87552K, 9% used [0x0000000081200000,0x0000000081a111c8,0x0000000086780000)
 Metaspace       used 20823K, capacity 21118K, committed 21296K, reserved 1069056K
  class space    used 2536K, capacity 2610K, committed 2688K, reserved 1048576K
Event: 2.211 GC heap after
Heap after GC invocations=4 (full 0):
 PSYoungGen      total 71680K, used 5101K [0x00000000d5b80000, 0x00000000da680000, 0x0000000100000000)
  eden space 66560K, 0% used [0x00000000d5b80000,0x00000000d5b80000,0x00000000d9c80000)
  from space 5120K, 99% used [0x00000000da180000,0x00000000da67b550,0x00000000da680000)
  to   space 5120K, 0% used [0x00000000d9c80000,0x00000000d9c80000,0x00000000da180000)
 ParOldGen       total 87552K, used 11051K [0x0000000081200000, 0x0000000086780000, 0x00000000d5b80000)
  object space 87552K, 12% used [0x0000000081200000,0x0000000081ccada0,0x0000000086780000)
 Metaspace       used 20823K, capacity 21118K, committed 21296K, reserved 1069056K
  class space    used 2536K, capacity 2610K, committed 2688K, reserved 1048576K
}
Event: 2.211 GC heap before
{Heap before GC invocations=5 (full 1):
 PSYoungGen      total 71680K, used 5101K [0x00000000d5b80000, 0x00000000da680000, 0x0000000100000000)
  eden space 66560K, 0% used [0x00000000d5b80000,0x00000000d5b80000,0x00000000d9c80000)
  from space 5120K, 99% used [0x00000000da180000,0x00000000da67b550,0x00000000da680000)
  to   space 5120K, 0% used [0x00000000d9c80000,0x00000000d9c80000,0x00000000da180000)
 ParOldGen       total 87552K, used 11051K [0x0000000081200000, 0x0000000086780000, 0x00000000d5b80000)
  object space 87552K, 12% used [0x0000000081200000,0x0000000081ccada0,0x0000000086780000)
 Metaspace       used 20823K, capacity 21118K, committed 21296K, reserved 1069056K
  class space    used 2536K, capacity 2610K, committed 2688K, reserved 1048576K
Event: 2.235 GC heap after
Heap after GC invocations=5 (full 1):
 PSYoungGen      total 71680K, used 0K [0x00000000d5b80000, 0x00000000da680000, 0x0000000100000000)
  eden space 66560K, 0% used [0x00000000d5b80000,0x00000000d5b80000,0x00000000d9c80000)
  from space 5120K, 0% used [0x00000000da180000,0x00000000da180000,0x00000000da680000)
  to   space 5120K, 0% used [0x00000000d9c80000,0x00000000d9c80000,0x00000000da180000)
 ParOldGen       total 64000K, used 9960K [0x0000000081200000, 0x0000000085080000, 0x00000000d5b80000)
  object space 64000K, 15% used [0x0000000081200000,0x0000000081bba370,0x0000000085080000)
 Metaspace       used 20823K, capacity 21118K, committed 21296K, reserved 1069056K
  class space    used 2536K, capacity 2610K, committed 2688K, reserved 1048576K
}
Event: 2.804 GC heap before
{Heap before GC invocations=6 (full 1):
 PSYoungGen      total 71680K, used 66560K [0x00000000d5b80000, 0x00000000da680000, 0x0000000100000000)
  eden space 66560K, 100% used [0x00000000d5b80000,0x00000000d9c80000,0x00000000d9c80000)
  from space 5120K, 0% used [0x00000000da180000,0x00000000da180000,0x00000000da680000)
  to   space 5120K, 0% used [0x00000000d9c80000,0x00000000d9c80000,0x00000000da180000)
 ParOldGen       total 64000K, used 9960K [0x0000000081200000, 0x0000000085080000, 0x00000000d5b80000)
  object space 64000K, 15% used [0x0000000081200000,0x0000000081bba370,0x0000000085080000)
 Metaspace       used 22433K, capacity 22798K, committed 23088K, reserved 1069056K
  class space    used 2757K, capacity 2842K, committed 2944K, reserved 1048576K
Event: 2.822 GC heap after
Heap after GC invocations=6 (full 1):
 PSYoungGen      total 71680K, used 4163K [0x00000000d5b80000, 0x00000000da680000, 0x0000000100000000)
  eden space 66560K, 0% used [0x00000000d5b80000,0x00000000d5b80000,0x00000000d9c80000)
  from space 5120K, 81% used [0x00000000d9c80000,0x00000000da090fd8,0x00000000da180000)
  to   space 5120K, 0% used [0x00000000da180000,0x00000000da180000,0x00000000da680000)
 ParOldGen       total 64000K, used 9960K [0x0000000081200000, 0x0000000085080000, 0x00000000d5b80000)
  object space 64000K, 15% used [0x0000000081200000,0x0000000081bba370,0x0000000085080000)
 Metaspace       used 22433K, capacity 22798K, committed 23088K, reserved 1069056K
  class space    used 2757K, capacity 2842K, committed 2944K, reserved 1048576K
}
Event: 3.614 GC heap before
{Heap before GC invocations=7 (full 1):
 PSYoungGen      total 71680K, used 70723K [0x00000000d5b80000, 0x00000000da680000, 0x0000000100000000)
  eden space 66560K, 100% used [0x00000000d5b80000,0x00000000d9c80000,0x00000000d9c80000)
  from space 5120K, 81% used [0x00000000d9c80000,0x00000000da090fd8,0x00000000da180000)
  to   space 5120K, 0% used [0x00000000da180000,0x00000000da180000,0x00000000da680000)
 ParOldGen       total 64000K, used 9960K [0x0000000081200000, 0x0000000085080000, 0x00000000d5b80000)
  object space 64000K, 15% used [0x0000000081200000,0x0000000081bba370,0x0000000085080000)
 Metaspace       used 25470K, capacity 25882K, committed 26112K, reserved 1073152K
  class space    used 3170K, capacity 3276K, committed 3328K, reserved 1048576K
Event: 3.619 GC heap after
Heap after GC invocations=7 (full 1):
 PSYoungGen      total 71680K, used 5114K [0x00000000d5b80000, 0x00000000da680000, 0x0000000100000000)
  eden space 66560K, 0% used [0x00000000d5b80000,0x00000000d5b80000,0x00000000d9c80000)
  from space 5120K, 99% used [0x00000000da180000,0x00000000da67e9d0,0x00000000da680000)
  to   space 5120K, 0% used [0x00000000d9c80000,0x00000000d9c80000,0x00000000da180000)
 ParOldGen       total 64000K, used 11237K [0x0000000081200000, 0x0000000085080000, 0x00000000d5b80000)
  object space 64000K, 17% used [0x0000000081200000,0x0000000081cf9498,0x0000000085080000)
 Metaspace       used 25470K, capacity 25882K, committed 26112K, reserved 1073152K
  class space    used 3170K, capacity 3276K, committed 3328K, reserved 1048576K
}

